         w __deregister_frame_info
         w __register_frame_info
         w userAppExit
         w userAppInit
00000000 b .LANCHOR0
00000000 A __sync_synchronize
00000000 b _TLS_MODULE_BASE_
00000000 a shift
00000000 a shift
00000000 00000004 b stbi__g_failure_reason
00000004 00000004 b stbi__vertically_flip_on_load_local
00000008 00000004 b stbi__vertically_flip_on_load_set
0000000c 00000004 b stbi__de_iphone_flag_set
00000010 00000004 b stbi__de_iphone_flag_local
00000014 00000004 b stbi__unpremultiply_on_load_set
00000018 00000004 b stbi__unpremultiply_on_load_local
0000001c 00000802 B __ctru_dev_utf16_buf
00000820 00000401 B __ctru_dev_path_buf
00100000 A __start__
00100000 T _start
00100008 T __service_ptr
0010000c T __apt_appid
00100010 T __heap_size
00100014 T __linear_heap_size
00100018 T __system_arglist
0010001c T __system_runflags
00100020 t startup
00100058 t ClearMem
0010006c t ClrLoop
00100094 T _init
001000ac t .udivsi3_skip_div0_test
001000ac T __aeabi_uidiv
001000ac 000001ec T __udivsi3
00100298 00000020 T __aeabi_uidivmod
001002b8 T __aeabi_idiv
001002b8 00000220 T __divsi3
001002c0 t .divsi3_skip_div0_test
001004d8 00000020 T __aeabi_idivmod
001004f8 00000004 W __aeabi_idiv0
001004f8 00000004 W __aeabi_ldiv0
001004fc T __aeabi_uldivmod
00100548 00000390 T strcmp
001008d0 T __aeabi_drsub
001008d8 000002b0 T __aeabi_dsub
001008d8 000002b0 T __subdf3
001008dc 000002ac T __adddf3
001008dc 000002ac T __aeabi_dadd
00100b88 00000024 T __aeabi_ui2d
00100b88 00000024 T __floatunsidf
00100bac 00000028 T __aeabi_i2d
00100bac 00000028 T __floatsidf
00100bd4 00000048 T __aeabi_f2d
00100bd4 00000048 T __extendsfdf2
00100c1c 00000074 T __aeabi_ul2d
00100c1c 00000074 T __floatundidf
00100c30 00000060 T __aeabi_l2d
00100c30 00000060 T __floatdidf
00100c90 t __do_global_dtors_aux
00100ce0 t frame_dummy
00100d0c 00000014 t stbi__stdio_eof
00100d20 000000ac t stbi__mad3sizes_valid
00100dcc 00000064 t stbi__refill_buffer
00100e30 00000424 t stbi__idct_block
00101254 00000008 t resample_row_1
0010125c 0000004c t stbi__resample_row_v_2
001012a8 000000a8 t stbi__resample_row_hv_2
00101350 00000074 t stbi__resample_row_generic
001013c4 000000e8 t stbi__YCbCr_to_RGB_row
001014ac 0000006c t stbi__bitreverse16
00101518 0000005c t stbi__fill_bits
00101574 00000154 t stbi__zhuffman_decode
001016c8 0000002c t stbi__stdio_skip
001016f4 00000010 t stbi__stdio_read
00101704 000001b0 t stbi__build_huffman
001018b4 000000d0 t stbi__zexpand
00101984 000000b4 t stbi__vertical_flip
00101a38 00000058 t stbi__skip
00101a90 000000e8 t stbi__resample_row_h_2
00101b78 000000a8 t stbi__create_png_alpha_expand8
00101c20 0000008c t stbi__free_jpeg_components.constprop.0
00101cac 000001e0 t stbi__zbuild_huffman
00101e8c 0000007c t stbi__malloc_mad2
00101f08 000000b4 t stbi__malloc_mad3
00101fbc 00000828 t stbi__create_png_image_raw
001027e4 000002d4 t stbi__compute_huffman_codes
00102ab8 000005e0 t stbi__parse_zlib
00103098 000000c0 t stbi__get16be
00103158 0000018c t stbi__get32be
001032e4 000000f4 t stbi__get_marker
001033d8 00000100 t stbi__grow_buffer_unsafe
001034d8 00000090 t stbi__extend_receive
00103568 00000160 t stbi__jpeg_huff_decode
001036c8 000002c8 t stbi__jpeg_decode_block
00103990 0000024c t stbi__jpeg_decode_block_prog_dc
00103bdc 000007f0 t stbi__process_marker
001043cc 00000914 t stbi__decode_jpeg_header
00104ce0 000000a0 T stbi_zlib_decode_malloc_guesssize_headerflag
00104d80 000012fc t stbi__parse_png_file
0010607c 000031a0 t stbi__load_main.isra.0
0010921c 00000168 t stbi__load_and_postprocess_8bit
00109384 00000058 T stbi_load_from_memory
001093e0 000006ac T main
00109a8c 000001c8 T consoleDrawChar
00109c54 00000170 T consolePrintChar
00109dc4 00000cc8 T con_write
0010aa8c 000000fc t newRow
0010ab88 00000180 T consoleInit
0010ad08 000000cc t gfxPresentFramebuffer
0010add4 0000001c T gfxIsWide
0010adf0 000000f8 T gfxSetScreenFormat
0010aee8 00000010 T gfxSetDoubleBuffering
0010aef8 000000d8 T gfxInit
0010afd0 00000010 T gfxInitDefault
0010afe0 000000b8 T gfxExit
0010b098 000000a0 T gfxGetFramebuffer
0010b138 00000100 T gfxFlushBuffers
0010b238 00000050 T gfxSwapBuffers
0010b288 00000050 T gfxSwapBuffersGpu
0010b2d8 00000180 t aptConvertScreenForCapture
0010b458 00000008 W aptDspSleep
0010b460 00000004 W aptDspWakeup
0010b464 00000004 W aptDspCancel
0010b468 00000138 T aptSendCommand
0010b5a0 00000044 t aptExitProcess
0010b5e4 00000394 T aptExit
0010b978 000000d8 T aptHandleSleep
0010ba50 0000001c T aptSetMessageCallback
0010ba6c 00000084 T APT_SleepIfShellClosed
0010baf0 00000078 T aptSetSleepAllowed
0010bb68 00000084 T APT_UnlockTransition
0010bbf0 00000470 t aptEventHandler
0010c060 000000bc T APT_ReceiveParameter
0010c11c 000000b0 t aptReceiveParameter.constprop.0
0010c1d0 00000294 t aptScreenTransfer
0010c464 000002d0 t aptWaitForWakeUp.isra.0
0010c734 00000114 T aptLaunchLibraryApplet
0010c848 000000f4 T aptJumpToHomeMenu
0010c93c 00000058 T aptMainLoop
0010c994 00000240 T aptInit
0010cbd4 0000005c T APT_SendParameter
0010cc30 00000090 T APT_CheckNew3DS
0010ccc0 00000c70 t gspHardwareInit
0010d930 00000288 T gspInit
0010dbb8 00000104 T gspExit
0010dcbc 00000010 T gspHasGpuRight
0010dccc 000000a4 T gspPresentBuffer
0010dd70 00000050 T gspWaitForEvent
0010ddc0 00000004 W gxCmdQueueInterrupt
0010ddc4 00000154 t gspEventThreadMain
0010df18 00000050 T GSPGPU_FlushDataCache
0010df68 00000034 T GSPGPU_SetLcdForceBlack
0010df9c 00000084 T GSPGPU_AcquireRight
0010e020 00000064 T GSPGPU_ReleaseRight
0010e084 0000007c T GSPGPU_ImportDisplayCaptureInfo
0010e100 0000002c T GSPGPU_SaveVramSysArea
0010e12c 0000002c T GSPGPU_RestoreVramSysArea
0010e158 00000024 W hidShouldUseIrrst
0010e17c 000001cc T hidInit
0010e348 000000e8 T hidExit
0010e430 000002a0 T hidScanInput
0010e6d0 00000010 T hidKeysDown
0010e6e0 000001a4 T irrstInit
0010e884 000000dc T irrstExit
0010e960 000000b4 T irrstScanInput
0010ea14 00000024 T irrstKeysHeld
0010ea38 00000174 T connect
0010ebac 00000070 T inet_pton
0010ec1c 00000034 t soc_read
0010ec50 00000034 t soc_write
0010ec84 000000b0 t soc_close
0010ed34 00000190 T socInit
0010eec4 00000088 T socExit
0010ef4c 00000020 T recv
0010ef6c 00000148 T socuipc_cmd7
0010f0b4 00000168 T socuipc_cmd8
0010f21c 00000010 T soc_recvfrom
0010f22c 000000a4 T recvfrom
0010f2d0 000008cc T select
0010fb9c 00000020 T send
0010fbbc 0000015c T socuipc_cmd9
0010fd18 00000160 T socuipc_cmda
0010fe78 00000010 T soc_sendto
0010fe88 000000a4 T sendto
0010ff2c 0000016c T socket
00110098 00000190 t swkbdMessageCallback
00110228 00000084 T swkbdInit
001102ac 00000064 T swkbdSetHintText
00110310 000003a8 T swkbdInputText
001106b8 000000e8 T utf16_to_utf8
001107a0 000000c0 T utf8_to_utf16
00110860 00000038 W __libctru_init
00110898 0000016c W __system_initArgv
00110a04 00000030 T __syscall_getreent
00110a34 00000004 T __syscall_lock_acquire
00110a38 00000004 T __syscall_lock_release
00110a3c 00000004 T __syscall_lock_acquire_recursive
00110a40 00000004 T __syscall_lock_release_recursive
00110a44 00000004 T __syscall_exit
00110a48 00000054 T initThreadVars
00110a9c 00000080 T __system_initSyscalls
00110b1c T svcControlMemory
00110b3c T svcQueryMemory
00110b6c T svcExitProcess
00110b74 T svcCreateThread
00110b94 T svcExitThread
00110b9c T svcSleepThread
00110ba4 T svcReleaseMutex
00110bac T svcCreateEvent
00110bc0 T svcSignalEvent
00110bc8 T svcClearEvent
00110bd0 T svcCreateMemoryBlock
00110be8 T svcMapMemoryBlock
00110bf0 T svcUnmapMemoryBlock
00110bf8 T svcCreateAddressArbiter
00110c0c T svcArbitrateAddressNoTimeout
00110c14 T svcCloseHandle
00110c1c T svcWaitSynchronization
00110c24 T svcWaitSynchronizationN
00110c4c T svcDuplicateHandle
00110c60 T svcConnectToPort
00110c74 T svcSendSyncRequest
00110c7c T svcGetResourceLimit
00110c90 T svcGetResourceLimitLimitValues
00110c98 T svcGetResourceLimitCurrentValues
00110ca0 T svcBreak
00110ca8 T __aeabi_read_tp
00110cb4 W initSystem
00110d04 W __ctru_exit
00110d18 00000024 t addrMapNodeComparator(rbtree_node const*, rbtree_node const*)
00110d3c 00000004 t addrMapNodeDestructor(rbtree_node*)
00110d40 0000012c T linearMemAlign
00110e6c 00000008 T linearAlloc
00110e74 0000005c T linearFree
00110ed0 00000088 T MemPool::CoalesceRight(MemBlock*)
00110f58 00000178 T MemPool::Allocate(MemChunk&, unsigned long, int)
001110d0 00000118 T MemPool::Deallocate(MemChunk const&)
001111e8 00000030 T MemPool::GetFreeSpace()
00111218 00000024 t addrMapNodeComparator(rbtree_node const*, rbtree_node const*)
0011123c 00000004 t addrMapNodeDestructor(rbtree_node*)
00111240 00000248 T vramMemAlignAt
00111488 0000000c T vramAlloc
00111494 00000094 T vramFree
00111528 0000008c W envGetHandle
001115b4 00000050 W envDestroyHandles
00111604 00000034 T __ctru_speedup_config
00111638 00000164 T srvInit
0011179c 00000064 T srvExit
00111800 00000060 T srvEnableNotification
00111860 000000a0 T srvGetServiceHandleDirect
00111900 00000048 T srvGetServiceHandle
00111948 00000034 T srvSubscribe
0011197c 00000060 T srvReceiveNotification
001119dc 00000038 T srvPublishToSubscriber
00111a14 0000000c T __sync_init
00111a20 00000018 T __sync_fini
00111a38 00000028 T syncArbitrateAddress
00111a60 000000ac T LightLock_Lock
00111b0c 00000040 T LightLock_Unlock
00111b4c 00000054 T RecursiveLock_Lock
00111ba0 00000054 T RecursiveLock_Unlock
00111bf4 00000044 T LightEvent_Init
00111c38 000000b8 T LightEvent_Clear
00111cf0 000000dc T LightEvent_Signal
00111dcc 00000050 T LightEvent_TryWait
00111e1c 000000ac T LightEvent_Wait
00111ec8 000001fc T threadCreate
001120c4 00000038 T threadFree
001120fc 00000024 T threadJoin
00112120 00000030 T threadGetCurrent
00112150 00000040 T threadExit
00112190 00000020 t _thread_begin
001121b0 00000090 t mappableFindAddressWithin
00112240 00000028 T mappableInit
00112268 0000007c T mappableAlloc
001122e4 00000004 T mappableFree
001122e8 00000078 T ptmSysmInit
00112360 0000003c T ptmSysmExit
0011239c 00000034 T PTMSYSM_ConfigureNew3DSCPU
001123d0 0000000c T srvPmGetSessionHandle
001123dc 0000003c T _net_convert_error
00112418 00000248 T poll
00112660 00000074 T rbtree_find
001126d4 00000010 T rbtree_init
001126e4 00000198 t do_insert
0011287c 00000008 T rbtree_insert
00112884 00000310 T rbtree_remove
00112b94 00000090 T rbtree_rotate
00112c24 00000054 T decode_utf16
00112c78 00000140 T decode_utf8
00112db8 00000054 T encode_utf16
00112e0c 000000e0 T encode_utf8
00112ef0 000001e8 W __system_allocateHeaps
001130d8 00000030 W __appExit
00113108 00000030 W __appInit
00113138 00000090 W __libctru_exit
001131c8 00000024 t error_cmp
001131ec 00000050 t archive_translate_error
0011323c 000000c0 t archive_seek
001132fc 00000078 t _archiveInit.part.0
00113374 00000110 t archiveFindDevice.part.0
00113484 00000298 t archive_utf16path
0011371c 00000098 t _archiveUnmountDeviceStruct.part.0
001137b4 00000178 t _archiveMountDevice
0011392c 000000f8 t archive_diropen
00113a24 000000ac t archive_fstat
00113ad0 00000074 t archive_fsync
00113b44 00000074 t archive_close
00113bb8 00000078 t archive_dirclose
00113c30 000000ec t sdmc_statvfs
00113d1c 000000f8 t archive_chdir
00113e14 0000008c t archive_ftruncate
00113ea0 000000bc t archive_read
00113f5c 000000a8 t archive_unlink
00114004 000000c0 t archive_rmdir
001140c4 000000d8 t archive_mkdir
0011419c 000001a0 t archive_stat
0011433c 00000164 t archive_dirnext
001144a0 0000013c t archive_write
001145e0 00000254 t archive_open
00114834 00000270 t archive_rename
00114aa4 000001c8 T archiveMountSdmc
00114c6c 00000054 T archiveUnmountAll
00114cc0 00000104 T fsInit
00114dc4 0000003c T fsExit
00114e00 00000068 T fsExemptFromSession
00114e68 00000050 T fsUnexemptFromSession
00114eb8 000000cc T FSUSER_OpenFile
00114f84 000000b8 T FSUSER_DeleteFile
0011503c 000000f4 T FSUSER_RenameFile
00115130 000000b8 T FSUSER_DeleteDirectory
001151e8 000000d0 T FSUSER_CreateFile
001152b8 000000c0 T FSUSER_CreateDirectory
00115378 000000f4 T FSUSER_RenameDirectory
0011546c 000000b4 T FSUSER_OpenDirectory
00115520 00000090 T FSUSER_OpenArchive
001155b0 0000008c T FSUSER_CloseArchive
0011563c 00000074 T FSUSER_GetSdmcArchiveResource
001156b0 00000064 T FSUSER_IsSdmcWritable
00115714 00000064 T FSFILE_Read
00115778 0000006c T FSFILE_Write
001157e4 00000044 T FSFILE_GetSize
00115828 00000028 T FSFILE_SetSize
00115850 0000003c T FSFILE_Close
0011588c 00000024 T FSFILE_Flush
001158b0 00000060 T FSDIR_Read
00115910 0000003c T FSDIR_Close
0011594c 00000060 T rbtree_node_next
001159ac 0000002c T __aeabi_d2lz
001159ac 0000002c T __fixdfdi
001159d8 00000040 T __aeabi_d2ulz
001159d8 00000040 T __fixunsdfdi
00115a18 00000130 T __udivmoddi4
00115b48 000000e4 T strncat
00115c2c 00000078 T sscanf
00115ca4 00000130 t critical_factorization
00115dd4 0000033c t two_way_long_needle
00116110 00000238 T strstr
00116348 00000128 T memcpy
00116470 0000005c T __assert_func
001164cc 0000008c T strlen
00116558 00000334 T _fread_r
0011688c 00000038 T fread
001168c4 00000078 T bsearch
0011693c 00000050 t get_arg
0011698c 00002b88 T __ssvfscanf_r
00119514 00000060 t sulp
00119578 00001428 T _strtod_l
0011a9a0 00000044 T _strtod_r
0011a9e4 00000020 T close
0011aa04 00000028 T memalign
0011aa2c 00000264 t _strtoull_l.isra.0
0011ac90 00000038 T _strtoull_r
0011acc8 000000f4 t rshift
0011adbc 000008b4 T __gethex
0011b670 00000034 T printf
0011b6a4 000001ec t _strtoul_l.isra.0
0011b890 00000038 T _strtoul_r
0011b8c8 0000003c T strtoul
0011b904 000000b8 T __submore
0011b9bc 00000230 T _ungetc_r
0011bbec 00000028 T ungetc
0011bc14 0000003c T fiprintf
0011bc50 000000c4 T _mbrtowc_r
0011bd14 00000140 T strchr
0011be54 000000d8 T memcmp
0011bf2c 00000028 T calloc
0011bf54 000000f8 T __sccl
0011c04c 0000016c T _memalign_r
0011c1b8 0000000c T __errno
0011c1c4 00000014 T abort
0011c1d8 00000164 T __smakebuf_r
0011c33c 00000090 T __swhatbuf_r
0011c3cc 0000047c t _strtoll_l.isra.0
0011c848 00000038 T _strtoll_r
0011c880 00000024 T __locale_mb_cur_max
0011c8a4 000000e4 T memset
0011c988 000000d8 T _calloc_r
0011ca60 0000022c T __sflush_r
0011cc8c 000000c4 T _fflush_r
0011cd50 00000028 T realloc
0011cd78 0000082c T _malloc_r
0011d5a4 00000114 T _malloc_trim_r
0011d6b8 00000314 T _free_r
0011d9cc 00000294 T setvbuf
0011dc60 000000e4 T _sungetc_r
0011dd44 0000006c T __ssrefill_r
0011ddb0 000000b4 T _sfread_r
0011de64 0000001c t stdio_exit_handler
0011de80 0000005c t cleanup_stdio
0011dedc 00000154 t global_stdio_init.part.0
0011e030 0000005c T __sinit
0011e08c 0000000c T __sfp_lock_acquire
0011e098 0000000c T __sfp_lock_release
0011e0a4 00000384 t _strtol_l.part.0
0011e428 0000006c T _strtol_r
0011e494 00000084 T __libc_init_array
0011e518 000000d4 T strncpy
0011e5ec 00000034 T fseek
0011e620 00000040 T malloc
0011e660 00000020 T free
0011e680 000000e0 T _puts_r
0011e760 00000020 T puts
0011e780 00000024 T _localeconv_r
0011e7a4 00000044 T __sread
0011e7e8 00000008 T __seofread
0011e7f0 00000068 T __swrite
0011e858 00000040 T __sseek
0011e898 00000008 T __sclose
0011e8a0 000000d8 T fgetc
0011e978 000004f0 T _realloc_r
0011ee68 0000000c T __malloc_lock
0011ee74 0000000c T __malloc_unlock
0011ee80 00000588 T _fseeko_r
0011f408 00000148 T _fclose_r
0011f550 00000004 W __call_exitprocs
0011f554 00000030 T exit
0011f584 000000f8 T __utf8_wctomb
0011f67c 0000003c T __libc_fini_array
0011f6b8 0000003c T strnlen
0011f6f4 000005e0 t get_arg
0011fcd4 000022f8 T _vfiprintf_r
00121fcc 000000b4 t __sbprintf
00122080 000000d8 T strncmp
00122158 00000070 T __match
001221c8 000002a8 T __hexnan
00122470 00000068 T sprintf
001224d8 00000038 t lflush
00122510 000001a8 T __srefill_r
001226b8 00000010 T nan
001226c8 0000000c T nanf
001226d4 000000dc T stpncpy
001227b0 00000008 T iswspace
001227b8 00000088 T _Balloc
00122840 0000001c T _Bfree
0012285c 000000f4 T __multadd
00122950 0000010c T __s2b
00122a5c 00000080 T __hi0bits
00122adc 000000f0 T __lo0bits
00122bcc 000000a4 T __i2b
00122c70 00000230 T __multiply
00122ea0 00000130 T __pow5mult
00122fd0 00000138 T __lshift
00123108 00000058 T __mcmp
00123160 00000218 T __mdiff
00123378 00000068 T __ulp
001233e0 000000d4 T __b2d
001234b4 00000120 T __d2b
001235d4 00000078 T __ratio
0012364c 0000008c T __copybits
001236d8 0000005c T __any_on
00123734 00000070 T _fwalk_sglue
001237a4 00000068 T __srget_r
0012380c 000005e0 t get_arg
00123df0 00003554 T _vfprintf_r
00127344 000000b4 t __sbprintf
001273f8 000000a0 T _wcrtomb_r
00127498 000000a4 T __ssprint_r
0012753c 00000340 T __utf8_mbtowc
0012787c 000004a4 T __sfvwrite_r
00127d20 0000009c T _raise_r
00127dbc 00000020 T raise
00127ddc 00000030 T __sprint_r
00127e0c 000001c0 t quorem
00127fd0 00001420 T _dtoa_r
001293f0 000000e8 T memchr
001294d8 00000028 T _wcsrtombs_r
00129500 00000140 T __swsetup_r
00129640 000001a8 T memmove
001297e8 00000038 T iswspace_l
00129820 000005e0 t get_arg
00129e00 0000345c T _svfprintf_r
0012d25c 0000012c T __ssputs_r
0012d388 0000015c T _wcsnrtombs_l
0012d4e4 00000064 T _wcsnrtombs_r
0012d548 00000088 T frexp
0012d5d0 00000090 T category
0012d660 00000020 T _exit
0012d680 00000140 T chdir
0012d7c0 000001c8 T _concatenate_path
0012d988 0000009c T _fstat_r
0012da24 00000014 T _getpid_r
0012da38 0000002c T __getreent
0012da64 000000a0 T __release_handle
0012db04 000000b0 T __alloc_handle
0012dbb4 00000058 T __get_handle
0012dc0c 00000110 T _close_r
0012dd1c 00000008 t null_write
0012dd24 00000018 T setDefaultDevice
0012dd3c 00000098 T FindDevice
0012ddd4 00000024 T RemoveDevice
0012ddf8 00000088 T AddDevice
0012de80 00000020 T GetDeviceOpTab
0012dea0 00000008 T _isatty_r
0012dea8 00000014 T _kill_r
0012debc 00000094 T _lseek_r
0012df50 00000094 T _read_r
0012dfe4 00000078 W _sbrk_r
0012e05c 0000001c T __libc_lock_acquire
0012e078 0000001c T __libc_lock_release
0012e094 0000001c T __libc_lock_acquire_recursive
0012e0b0 0000001c T __libc_lock_release_recursive
0012e0cc 00000094 T _write_r
0012e160 00000048 T strrchr
0012e1a8 T _fini
0012f070 0000001f r __func__.13
0012f090 0000001b r __func__.14
0012f0ac 00000005 r first_row_filter
0012f0b4 00000009 r stbi__depth_scale_table
0012f0c0 00000013 r length_dezigzag.1
0012f0d4 00000120 r stbi__zdefault_length
0012f1f4 00000020 r stbi__zdefault_distance
0012f214 0000007c r stbi__zlength_base
0012f290 0000007c r stbi__zlength_extra
0012f30c 00000080 r stbi__zdist_base
0012f38c 00000080 r stbi__zdist_extra
0012f40c 00000044 r stbi__bmask
0012f450 00000040 r stbi__jbias
0012f490 00000017 r __func__.4
0012f4a8 0000004f r stbi__jpeg_dezigzag
0012f4f8 00000005 r tag.7
0012f500 00000006 r tag.6
0012f508 00000003 r rgb.5
0012f50c 00000008 r png_sig.16
0012f584 0000001d r __func__.12
0012f5a4 0000001b r __func__.11
0012f5c0 00000010 r __func__.10
0012f5d0 00000015 r __func__.9
0012f5e8 00000017 r __func__.8
0012f600 00000021 r __func__.3
0012f624 0000000c r stbi__stdio_callbacks
0012f630 00000020 r __func__.17
0012fb04 r .LC2
00130378 00000080 r dotab_stdout
001303f8 00000018 r grayScale
00130410 00000006 r colorCube
00130418 00000030 r colorTable
00130464 00000008 r morton_y.2
0013046c 00000008 r morton_x.3
00130474 00000008 r s_sleepWakeEvents.4
0013047c 0000000c r serviceNameTable.5
00130488 R default_font_bin
00130c88 0000004d r _net_error_code_map
00130c88 R default_font_bin_end
00130cd8 00000030 r error_table
00130d08 00000080 r archive_devoptab
00130edc 00000022 r basefix.0
00130f60 00000014 r fpinan.0
00130f74 00000014 r fpi.1
00130f88 00000028 r tinytens
00130fb0 00000100 R __hexdig
0013119c 00000010 r zeroes.0
001311ac 00000010 r blanks.1
001311bc 00000101 R _ctype_
001312c0 0000000c r p05.0
001312d0 00000028 R __mprec_bigtens
001312f8 000000c8 R __mprec_tens
001314ac 00000010 r zeroes.0
001314bc 00000010 r blanks.1
001314cc 0000006c R __action_table
00131538 0000006c R __state_table
001315a4 00000100 R __chclass
00131798 00000010 r zeroes.0
001317a8 00000010 r blanks.1
001317b8 000037f8 r categories
00134fb0 00000080 R dotab_stdnull
00135030 R __tdata_align
00135034 r __EH_FRAME_BEGIN__
00135034 R __exidx_end
00135034 R __exidx_start
00136000 00000004 d stbi__l2h_gamma
00136004 00000004 d stbi__l2h_scale
00136008 00000019 d invalid_chunk.15
00136021 00000001 d firstConsoleInit.0
00136024 00000004 D currentConsole
00136028 00000048 D defaultConsole
00136070 00000004 d aptChainloadDeliverArgSize
00136074 00000004 d kCount
00136078 00000004 d kInterval
0013607c 00000004 d kDelay
00136080 00000080 d soc_devoptab
00136100 W __stacksize__
00136104 00000004 D _impure_ptr
00136108 00000200 D _impure_data
00136308 00000254 D __global_locale
0013655c 00000004 D __malloc_sbrk_base
00136560 00000004 D __malloc_trim_threshold
00136568 00000408 D __malloc_av_
00136970 0000000c D __sglue
0013697c 00000400 d _current_working_directory
00136d80 00001000 d handles
00137d80 0000000c d __stderr_handle
00137d8c 0000000c d __stdout_handle
00137d98 0000000c d __stdin_handle
00137da4 0000008c D devoptab_list
00137e30 00000004 d defaultDevice
00137e3c d _GLOBAL_OFFSET_TABLE_
00137e48 d __frame_dummy_init_array_entry
00137e48 D __init_array_start
00137e48 B __preinit_array_end
00137e48 B __preinit_array_start
00137e48 D __tdata_lma
00137e48 D __tdata_lma_end
00137e4c d __do_global_dtors_aux_fini_array_entry
00137e4c D __fini_array_start
00137e4c D __init_array_end
00137e50 D __bss_start__
00137e50 D __fini_array_end
00137e50 00000004 b stbi__vertically_flip_on_load_global
00137e54 00000004 b stbi__de_iphone_flag_global
00137e58 00000004 b stbi__unpremultiply_on_load_global
00137e5c 00000004 b socBuffer.0
00137e60 b completed.1
00137e64 b object.0
00137e7c 00000064 b escapeSeq
00137ee0 00000048 B currentCopy
00137f28 00000004 b screenAlloc
00137f2c 00000004 b screenFree
00137f30 00000002 b gfxIsDoubleBuf
00137f34 00000002 b gfxCurBuf
00137f36 00000001 b gfxIsVram
00137f37 00000001 b gfxTopMode
00137f38 00000002 b gfxFramebufferFormats
00137f3c 00000004 b gfxBottomFramebufferMaxSize
00137f40 00000004 b gfxTopFramebufferMaxSize
00137f48 00000008 b gfxBottomFramebuffers
00137f50 00000008 b gfxTopFramebuffers
00137f58 00000001 b flagValue.0
00137f59 00000001 b flagInit.1
00137f5c 00000004 b serviceName.6
00137f60 00000001 b aptChainloadFlags
00137f61 00000001 b aptChainloadMediatype
00137f64 00000020 b aptChainloadHmac
00137f84 00000300 b aptChainloadDeliverArg
00138288 00000008 b aptChainloadTid
00138290 00001000 b aptParameters
00139290 00000004 b aptFlags
00139294 00000001 b aptHomeButtonState
00139298 00000004 b aptMessageFuncData
0013929c 00000004 b aptMessageFunc
001392a0 0000000c b aptFirstHook
001392ac 00000001 b aptEventHandlerThreadQuit
001392b0 00000004 b aptEventHandlerThread
001392b4 00000008 b aptSleepEvent
001392bc 00000008 b aptReceiveEvent
001392c4 00000008 b aptEvents
001392cc 00000004 b aptLockHandle
001392d0 00000004 b aptRefCount
001392d4 00000007 b gspEventCbOneShot
001392dc 0000001c b gspEventCbData
001392f8 0000001c b gspEventCb
00139314 00000038 b gspEvents
0013934c 00000004 b gspLastEvent
00139350 00000001 b gspRunEvents
00139354 00000004 b gspEventThread
00139358 00000004 b gspEvent
0013935c 00000001 b gspGpuRight
0013935d 00000001 b gspThreadId
00139360 00000004 b gspSharedMem
00139364 00000004 b gspSharedMemHandle
00139368 00000004 b gspRefCount
0013936c 00000004 b gspGpuHandle
00139370 00000001 b usingIrrst
00139374 00000004 b hidRefCount
00139378 00000006 b gRate
00139380 00000006 b aVec
00139388 00000004 b cPos
0013938c 00000004 b tPos
00139390 00000004 b kRepeat
00139394 00000004 b kUp
00139398 00000004 b kDown
0013939c 00000004 b kHeld
001393a0 00000004 b kOld
001393a4 00000004 B hidSharedMem
001393a8 00000014 B hidEvents
001393bc 00000004 B hidMemHandle
001393c0 00000004 B hidHandle
001393c4 00000004 b irrstRefCount
001393c8 00000004 b csPos
001393cc 00000004 b kHeld
001393d0 00000004 B irrstSharedMem
001393d4 00000004 B irrstEvent
001393d8 00000004 B irrstMemHandle
001393dc 00000004 B irrstHandle
001393e0 00000004 b swkbdSharedMemHandle
001393e4 00000004 b swkbdSharedMem
001393e8 00000004 B __system_retAddr
001393ec 00000004 B __system_argv
001393f0 00000004 B __system_argc
001393f4 b saved_stack
00139400 00000008 b sLinearPool
00139408 0000000c b sAddrMap
00139418 00000008 b sVramPoolB
00139420 00000008 b sVramPoolA
00139428 0000000c b sAddrMap
00139434 00000004 B __3dslink_host
00139438 00000001 V __ctru_speedup
0013943c 00000004 b srvRefCount
00139440 00000004 b srvHandle
00139444 00000004 b arbiter
00139448 00000004 b currentAddr
0013944c 00000004 b maxAddr
00139450 00000004 b minAddr
00139454 00000004 b ptmSysmRefCount
00139458 00000004 b ptmSysmHandle
0013945c 00000004 b srvPmHandle
00139460 00000004 B socMemhandle
00139464 00000004 B SOCU_handle
00139468 00000004 V __ctru_linear_heap_size
0013946c 00000004 V __ctru_heap_size
00139470 00000004 B __ctru_linear_heap
00139474 00000004 B __ctru_heap
00139478 000005c0 b archive_devices
00139a38 00000004 b archive_device_cwd
00139a3c 00000001 b archive_initialized
00139a40 00000080 b fsExemptArchives
00139ac0 00000004 b fsuRefCount
00139ac4 00000004 b fsuHandle
00139ac8 00000028 B __malloc_current_mallinfo
00139af0 00000004 B __malloc_max_total_mem
00139af4 00000004 B __malloc_max_sbrked_mem
00139af8 00000004 B __malloc_top_pad
00139afc 0000000c b __sfp_recursive_mutex
00139b08 00000168 B __sf
00139c70 00000004 B __stdio_exit_handler
00139c74 0000000c b __malloc_recursive_mutex
00139c80 00000400 b temp_cwd
0013a080 00000004 b __hndl_lock
0013a084 00000004 B fake_heap_start
0013a088 00000004 B fake_heap_end
0013a08c 00000004 b heap_start.0
0013a090 B __tls_start
0013acb4 B __bss_end__
0013acb4 A __end__
0013acb4 B __tls_end
