         w __deregister_frame_info
         w __register_frame_info
         w userAppExit
         w userAppInit
00000000 00000802 B __ctru_dev_utf16_buf
00000000 A __sync_synchronize
00000000 b _TLS_MODULE_BASE_
00000000 a shift
00000000 a shift
00000804 00000401 B __ctru_dev_path_buf
00100000 A __start__
00100000 T _start
00100008 T __service_ptr
0010000c T __apt_appid
00100010 T __heap_size
00100014 T __linear_heap_size
00100018 T __system_arglist
0010001c T __system_runflags
00100020 t startup
00100058 t ClearMem
0010006c t ClrLoop
00100094 T _init
001000ac T __aeabi_idiv
001000ac 00000220 T __divsi3
001000b4 t .divsi3_skip_div0_test
001002cc 00000020 T __aeabi_idivmod
001002ec 00000004 W __aeabi_idiv0
001002ec 00000004 W __aeabi_ldiv0
001002f0 T __aeabi_uldivmod
00100348 00000390 T strcmp
001006d0 t .udivsi3_skip_div0_test
001006d0 T __aeabi_uidiv
001006d0 000001ec T __udivsi3
001008bc 00000020 T __aeabi_uidivmod
001008dc t __do_global_dtors_aux
0010092c t frame_dummy
00100958 0000056c T main
00100ec4 00000024 t addrMapNodeComparator(rbtree_node const*, rbtree_node const*)
00100ee8 00000004 t addrMapNodeDestructor(rbtree_node*)
00100eec 0000012c T linearMemAlign
00101018 00000008 T linearAlloc
00101020 0000005c T linearFree
0010107c 00000088 T MemPool::CoalesceRight(MemBlock*)
00101104 00000178 T MemPool::Allocate(MemChunk&, unsigned long, int)
0010127c 00000118 T MemPool::Deallocate(MemChunk const&)
00101394 00000030 T MemPool::GetFreeSpace()
001013c4 000001c8 T consoleDrawChar
0010158c 00000170 T consolePrintChar
001016fc 00000cc8 T con_write
001023c4 000000fc t newRow
001024c0 00000180 T consoleInit
00102640 000000cc t gfxPresentFramebuffer
0010270c 0000001c T gfxIsWide
00102728 000000f8 T gfxSetScreenFormat
00102820 00000010 T gfxSetDoubleBuffering
00102830 000000d8 T gfxInit
00102908 000000b8 T gfxExit
001029c0 000000a0 T gfxGetFramebuffer
00102a60 00000100 T gfxFlushBuffers
00102b60 00000050 T gfxSwapBuffersGpu
00102bb0 00000074 T osConvertVirtToPhys
00102c24 00000020 T osConvertOldLINEARMemToNew
00102c44 00000034 T __ctru_speedup_config
00102c78 00000180 t aptConvertScreenForCapture
00102df8 00000008 W aptDspSleep
00102e00 00000004 W aptDspWakeup
00102e04 00000004 W aptDspCancel
00102e08 00000138 T aptSendCommand
00102f40 00000044 t aptExitProcess
00102f84 00000394 T aptExit
00103318 000000d8 T aptHandleSleep
001033f0 0000001c T aptSetMessageCallback
0010340c 00000084 T APT_SleepIfShellClosed
00103490 00000078 T aptSetSleepAllowed
00103508 00000084 T APT_UnlockTransition
00103590 00000470 t aptEventHandler
00103a00 000000bc T APT_ReceiveParameter
00103abc 000000b0 t aptReceiveParameter.constprop.0
00103b70 00000294 t aptScreenTransfer
00103e04 000002d0 t aptWaitForWakeUp.isra.0
001040d4 00000114 T aptLaunchLibraryApplet
001041e8 000000f4 T aptJumpToHomeMenu
001042dc 00000058 T aptMainLoop
00104334 00000240 T aptInit
00104574 0000005c T APT_SendParameter
001045d0 00000090 T APT_CheckNew3DS
00104660 00000c70 t gspHardwareInit
001052d0 00000288 T gspInit
00105558 00000104 T gspExit
0010565c 00000010 T gspHasGpuRight
0010566c 000000a4 T gspPresentBuffer
00105710 00000050 T gspWaitForEvent
00105760 00000004 W gxCmdQueueInterrupt
00105764 00000154 t gspEventThreadMain
001058b8 00000050 T GSPGPU_FlushDataCache
00105908 00000034 T GSPGPU_SetLcdForceBlack
0010593c 00000084 T GSPGPU_AcquireRight
001059c0 00000064 T GSPGPU_ReleaseRight
00105a24 0000007c T GSPGPU_ImportDisplayCaptureInfo
00105aa0 0000002c T GSPGPU_SaveVramSysArea
00105acc 0000002c T GSPGPU_RestoreVramSysArea
00105af8 00000024 W hidShouldUseIrrst
00105b1c 000001cc T hidInit
00105ce8 000000e8 T hidExit
00105dd0 000002a0 T hidScanInput
00106070 00000010 T hidKeysDown
00106080 000001a4 T irrstInit
00106224 000000dc T irrstExit
00106300 000000b4 T irrstScanInput
001063b4 00000024 T irrstKeysHeld
001063d8 00000330 T mvdstdInit
00106708 0000011c T mvdstdExit
00106824 000000e4 T mvdstdGenerateDefaultConfig
00106908 000000fc T mvdstdProcessVideoFrame
00106a04 000000f8 T mvdstdRenderVideoFrame
00106afc 00000078 T ptmSysmInit
00106b74 0000003c T ptmSysmExit
00106bb0 00000034 T PTMSYSM_ConfigureNew3DSCPU
00106be4 00000174 T connect
00106d58 00000024 T inet_addr
00106d7c 000001a8 T inet_aton
00106f24 00000034 t soc_read
00106f58 00000034 t soc_write
00106f8c 000000b0 t soc_close
0010703c 00000190 T socInit
001071cc 00000088 T socExit
00107254 00000020 T recv
00107274 00000148 T socuipc_cmd7
001073bc 00000168 T socuipc_cmd8
00107524 00000010 T soc_recvfrom
00107534 000000a4 T recvfrom
001075d8 00000020 T send
001075f8 0000015c T socuipc_cmd9
00107754 00000160 T socuipc_cmda
001078b4 00000010 T soc_sendto
001078c4 000000a4 T sendto
00107968 0000016c T socket
00107ad4 00000190 t swkbdMessageCallback
00107c64 00000084 T swkbdInit
00107ce8 00000064 T swkbdSetHintText
00107d4c 000003a8 T swkbdInputText
001080f4 00000074 T rbtree_find
00108168 00000010 T rbtree_init
00108178 00000198 t do_insert
00108310 00000008 T rbtree_insert
00108318 00000310 T rbtree_remove
00108628 00000090 T rbtree_rotate
001086b8 000000e8 T utf16_to_utf8
001087a0 000000c0 T utf8_to_utf16
00108860 000001e8 W __system_allocateHeaps
00108a48 00000038 W __libctru_init
00108a80 0000016c W __system_initArgv
00108bec 00000030 T __syscall_getreent
00108c1c 00000004 T __syscall_lock_acquire
00108c20 00000004 T __syscall_lock_release
00108c24 00000004 T __syscall_lock_acquire_recursive
00108c28 00000004 T __syscall_lock_release_recursive
00108c2c 00000004 T __syscall_exit
00108c30 00000054 T initThreadVars
00108c84 00000080 T __system_initSyscalls
00108d04 T svcControlMemory
00108d24 T svcQueryMemory
00108d54 T svcExitProcess
00108d5c T svcCreateThread
00108d7c T svcExitThread
00108d84 T svcSleepThread
00108d8c T svcReleaseMutex
00108d94 T svcCreateEvent
00108da8 T svcSignalEvent
00108db0 T svcClearEvent
00108db8 T svcCreateMemoryBlock
00108dd0 T svcMapMemoryBlock
00108dd8 T svcUnmapMemoryBlock
00108de0 T svcCreateAddressArbiter
00108df4 T svcArbitrateAddressNoTimeout
00108dfc T svcCloseHandle
00108e04 T svcWaitSynchronization
00108e0c T svcWaitSynchronizationN
00108e34 T svcDuplicateHandle
00108e48 T svcConnectToPort
00108e5c T svcSendSyncRequest
00108e64 T svcGetResourceLimit
00108e78 T svcGetResourceLimitLimitValues
00108e80 T svcGetResourceLimitCurrentValues
00108e88 T svcBreak
00108e90 W initSystem
00108ee0 W __ctru_exit
00108ef4 00000024 t addrMapNodeComparator(rbtree_node const*, rbtree_node const*)
00108f18 00000004 t addrMapNodeDestructor(rbtree_node*)
00108f1c 00000248 T vramMemAlignAt
00109164 0000000c T vramAlloc
00109170 00000094 T vramFree
00109204 0000008c W envGetHandle
00109290 00000050 W envDestroyHandles
001092e0 00000164 T srvInit
00109444 00000064 T srvExit
001094a8 00000060 T srvEnableNotification
00109508 000000a0 T srvGetServiceHandleDirect
001095a8 00000048 T srvGetServiceHandle
001095f0 00000034 T srvSubscribe
00109624 00000060 T srvReceiveNotification
00109684 00000038 T srvPublishToSubscriber
001096bc 0000000c T __sync_init
001096c8 00000018 T __sync_fini
001096e0 00000028 T syncArbitrateAddress
00109708 000000ac T LightLock_Lock
001097b4 00000040 T LightLock_Unlock
001097f4 00000054 T RecursiveLock_Lock
00109848 00000054 T RecursiveLock_Unlock
0010989c 00000044 T LightEvent_Init
001098e0 000000b8 T LightEvent_Clear
00109998 000000dc T LightEvent_Signal
00109a74 00000050 T LightEvent_TryWait
00109ac4 000000ac T LightEvent_Wait
00109b70 000001fc T threadCreate
00109d6c 00000038 T threadFree
00109da4 00000024 T threadJoin
00109dc8 00000030 T threadGetCurrent
00109df8 00000040 T threadExit
00109e38 00000020 t _thread_begin
00109e58 00000090 t mappableFindAddressWithin
00109ee8 00000028 T mappableInit
00109f10 0000007c T mappableAlloc
00109f8c 00000004 T mappableFree
00109f90 0000000c T srvPmGetSessionHandle
00109f9c 0000003c T _net_convert_error
00109fd8 00000060 T rbtree_node_next
0010a038 00000054 T decode_utf16
0010a08c 00000140 T decode_utf8
0010a1cc 00000054 T encode_utf16
0010a220 000000e0 T encode_utf8
0010a300 00000030 W __appExit
0010a330 00000030 W __appInit
0010a360 00000090 W __libctru_exit
0010a3f0 00000024 t error_cmp
0010a414 00000050 t archive_translate_error
0010a464 000000c0 t archive_seek
0010a524 00000078 t _archiveInit.part.0
0010a59c 00000110 t archiveFindDevice.part.0
0010a6ac 00000298 t archive_utf16path
0010a944 00000098 t _archiveUnmountDeviceStruct.part.0
0010a9dc 00000178 t _archiveMountDevice
0010ab54 000000f8 t archive_diropen
0010ac4c 000000ac t archive_fstat
0010acf8 00000074 t archive_fsync
0010ad6c 00000074 t archive_close
0010ade0 00000078 t archive_dirclose
0010ae58 000000ec t sdmc_statvfs
0010af44 000000f8 t archive_chdir
0010b03c 0000008c t archive_ftruncate
0010b0c8 000000bc t archive_read
0010b184 000000a8 t archive_unlink
0010b22c 000000c0 t archive_rmdir
0010b2ec 000000d8 t archive_mkdir
0010b3c4 000001a0 t archive_stat
0010b564 00000164 t archive_dirnext
0010b6c8 0000013c t archive_write
0010b808 00000254 t archive_open
0010ba5c 00000270 t archive_rename
0010bccc 000001c8 T archiveMountSdmc
0010be94 00000054 T archiveUnmountAll
0010bee8 00000104 T fsInit
0010bfec 0000003c T fsExit
0010c028 00000068 T fsExemptFromSession
0010c090 00000050 T fsUnexemptFromSession
0010c0e0 000000cc T FSUSER_OpenFile
0010c1ac 000000b8 T FSUSER_DeleteFile
0010c264 000000f4 T FSUSER_RenameFile
0010c358 000000b8 T FSUSER_DeleteDirectory
0010c410 000000d0 T FSUSER_CreateFile
0010c4e0 000000c0 T FSUSER_CreateDirectory
0010c5a0 000000f4 T FSUSER_RenameDirectory
0010c694 000000b4 T FSUSER_OpenDirectory
0010c748 00000090 T FSUSER_OpenArchive
0010c7d8 0000008c T FSUSER_CloseArchive
0010c864 00000074 T FSUSER_GetSdmcArchiveResource
0010c8d8 00000064 T FSUSER_IsSdmcWritable
0010c93c 00000064 T FSFILE_Read
0010c9a0 0000006c T FSFILE_Write
0010ca0c 00000044 T FSFILE_GetSize
0010ca50 00000028 T FSFILE_SetSize
0010ca78 0000003c T FSFILE_Close
0010cab4 00000024 T FSFILE_Flush
0010cad8 00000060 T FSDIR_Read
0010cb38 0000003c T FSDIR_Close
0010cb74 T __aeabi_read_tp
0010cb80 00000130 T __udivmoddi4
0010ccb0 000000e4 T strncat
0010cd94 00000128 T memcpy
0010cebc 0000008c T strlen
0010cf48 00000078 T bsearch
0010cfc0 00000020 T close
0010cfe0 00000028 T memalign
0010d008 00000034 T printf
0010d03c 000001ec t _strtoul_l.isra.0
0010d228 0000003c T strtoul
0010d264 0000016c T _memalign_r
0010d3d0 0000000c T __errno
0010d3dc 000000e4 T memset
0010d4c0 0000022c T __sflush_r
0010d6ec 000000c4 T _fflush_r
0010d7b0 0000082c T _malloc_r
0010dfdc 00000114 T _malloc_trim_r
0010e0f0 00000314 T _free_r
0010e404 00000294 T setvbuf
0010e698 0000001c t stdio_exit_handler
0010e6b4 0000005c t cleanup_stdio
0010e710 00000154 t global_stdio_init.part.0
0010e864 0000005c T __sinit
0010e8c0 0000000c T __sfp_lock_acquire
0010e8cc 0000000c T __sfp_lock_release
0010e8d8 00000084 T __libc_init_array
0010e95c 000000d4 T strncpy
0010ea30 00000040 T malloc
0010ea70 00000020 T free
0010ea90 000000e0 T _puts_r
0010eb70 00000020 T puts
0010eb90 00000044 T __sread
0010ebd4 00000068 T __swrite
0010ec3c 00000040 T __sseek
0010ec7c 00000008 T __sclose
0010ec84 0000000c T __malloc_lock
0010ec90 0000000c T __malloc_unlock
0010ec9c 00000148 T _fclose_r
0010ede4 00000004 W __call_exitprocs
0010ede8 00000030 T exit
0010ee18 0000003c T __libc_fini_array
0010ee54 0000003c T strnlen
0010ee90 000000d8 T strncmp
0010ef68 00000070 T _fwalk_sglue
0010efd8 000005e0 t get_arg
0010f5b8 00003554 T _vfprintf_r
00112b0c 000000b4 t __sbprintf
00112bc0 000000a0 T _wcrtomb_r
00112c60 000004a4 T __sfvwrite_r
00113104 00000164 T __smakebuf_r
00113268 00000090 T __swhatbuf_r
001132f8 00000024 T __locale_mb_cur_max
0011331c 00000030 T __sprint_r
0011334c 000001c0 t quorem
00113510 00001420 T _dtoa_r
00114930 000000e8 T memchr
00114a18 00000028 T _wcsrtombs_r
00114a40 00000140 T __swsetup_r
00114b80 00000024 T _localeconv_r
00114ba4 000001a8 T memmove
00114d4c 000004f0 T _realloc_r
0011523c 000000f8 T __utf8_wctomb
00115334 0000015c T _wcsnrtombs_l
00115490 00000064 T _wcsnrtombs_r
001154f8 00000088 T frexp
00115580 0000005c T __assert_func
001155dc 00000088 T _Balloc
00115664 0000001c T _Bfree
00115680 000000f4 T __multadd
00115774 00000080 T __hi0bits
001157f4 000000f0 T __lo0bits
001158e4 000000a4 T __i2b
00115988 00000230 T __multiply
00115bb8 00000130 T __pow5mult
00115ce8 00000138 T __lshift
00115e20 00000058 T __mcmp
00115e78 00000218 T __mdiff
00116090 00000120 T __d2b
001161b0 00000340 T __utf8_mbtowc
001164f0 0000003c T fiprintf
0011652c 00000140 T strchr
0011666c 00000014 T abort
00116680 000000d8 T _calloc_r
00116758 000005e0 t get_arg
00116d38 000022f8 T _vfiprintf_r
00119030 000000b4 t __sbprintf
001190e4 0000009c T _raise_r
00119180 00000020 T raise
001191a0 00000020 T _exit
001191c0 00000140 T chdir
00119300 000001c8 T _concatenate_path
001194c8 0000009c T _fstat_r
00119564 00000014 T _getpid_r
00119578 0000002c T __getreent
001195a4 000000a0 T __release_handle
00119644 000000b0 T __alloc_handle
001196f4 00000058 T __get_handle
0011974c 00000110 T _close_r
0011985c 00000008 t null_write
00119864 00000018 T setDefaultDevice
0011987c 00000098 T FindDevice
00119914 00000024 T RemoveDevice
00119938 00000088 T AddDevice
001199c0 00000020 T GetDeviceOpTab
001199e0 00000008 T _isatty_r
001199e8 00000014 T _kill_r
001199fc 00000094 T _lseek_r
00119a90 00000094 T _read_r
00119b24 00000078 W _sbrk_r
00119b9c 0000001c T __libc_lock_acquire
00119bb8 0000001c T __libc_lock_release
00119bd4 0000001c T __libc_lock_acquire_recursive
00119bf0 0000001c T __libc_lock_release_recursive
00119c0c 00000094 T _write_r
00119ca0 00000048 T strrchr
00119ce8 T _fini
0011a3e4 r .LC2
0011a768 00000080 r dotab_stdout
0011a7e8 00000018 r grayScale
0011a800 00000006 r colorCube
0011a808 00000030 r colorTable
0011a854 00000008 r morton_y.2
0011a85c 00000008 r morton_x.3
0011a864 00000008 r s_sleepWakeEvents.4
0011a86c 0000000c r serviceNameTable.5
0011a878 R default_font_bin
0011b078 0000004d r _net_error_code_map
0011b078 R default_font_bin_end
0011b0c8 00000030 r error_table
0011b0f8 00000080 r archive_devoptab
0011b178 00000101 R _ctype_
0011b3a0 00000010 r zeroes.0
0011b3b0 00000010 r blanks.1
0011b3c0 0000006c R __action_table
0011b42c 0000006c R __state_table
0011b498 00000100 R __chclass
0011b5a0 0000000c r p05.0
0011b5b0 00000028 R __mprec_bigtens
0011b5d8 000000c8 R __mprec_tens
0011b78c 00000010 r zeroes.0
0011b79c 00000010 r blanks.1
0011b7ac 00000080 R dotab_stdnull
0011b82c R __tdata_align
0011b830 r __EH_FRAME_BEGIN__
0011b830 R __exidx_end
0011b830 R __exidx_start
0011c000 00000001 d firstConsoleInit.0
0011c004 00000004 D currentConsole
0011c008 00000048 D defaultConsole
0011c050 00000004 d aptChainloadDeliverArgSize
0011c054 00000004 d kCount
0011c058 00000004 d kInterval
0011c05c 00000004 d kDelay
0011c060 00000080 d soc_devoptab
0011c0e0 W __stacksize__
0011c0e4 00000004 D _impure_ptr
0011c0e8 00000200 D _impure_data
0011c2e8 00000004 D __malloc_sbrk_base
0011c2ec 00000004 D __malloc_trim_threshold
0011c2f0 00000408 D __malloc_av_
0011c6f8 0000000c D __sglue
0011c704 00000254 D __global_locale
0011c958 00000400 d _current_working_directory
0011cd58 00001000 d handles
0011dd58 0000000c d __stderr_handle
0011dd64 0000000c d __stdout_handle
0011dd70 0000000c d __stdin_handle
0011dd7c 0000008c D devoptab_list
0011de08 00000004 d defaultDevice
0011de14 d _GLOBAL_OFFSET_TABLE_
0011de20 d __frame_dummy_init_array_entry
0011de20 D __init_array_start
0011de20 B __preinit_array_end
0011de20 B __preinit_array_start
0011de20 D __tdata_lma
0011de20 D __tdata_lma_end
0011de24 d __do_global_dtors_aux_fini_array_entry
0011de24 D __fini_array_start
0011de24 D __init_array_end
0011de28 D __bss_start__
0011de28 D __fini_array_end
0011de28 b completed.1
0011de2c b object.0
0011de48 00000008 b sLinearPool
0011de50 0000000c b sAddrMap
0011de5c 00000064 b escapeSeq
0011dec0 00000048 B currentCopy
0011df08 00000004 b screenAlloc
0011df0c 00000004 b screenFree
0011df10 00000002 b gfxIsDoubleBuf
0011df14 00000002 b gfxCurBuf
0011df16 00000001 b gfxIsVram
0011df17 00000001 b gfxTopMode
0011df18 00000002 b gfxFramebufferFormats
0011df1c 00000004 b gfxBottomFramebufferMaxSize
0011df20 00000004 b gfxTopFramebufferMaxSize
0011df28 00000008 b gfxBottomFramebuffers
0011df30 00000008 b gfxTopFramebuffers
0011df38 00000001 V __ctru_speedup
0011df39 00000001 b flagValue.0
0011df3a 00000001 b flagInit.1
0011df3c 00000004 b serviceName.6
0011df40 00000001 b aptChainloadFlags
0011df41 00000001 b aptChainloadMediatype
0011df44 00000020 b aptChainloadHmac
0011df64 00000300 b aptChainloadDeliverArg
0011e268 00000008 b aptChainloadTid
0011e270 00001000 b aptParameters
0011f270 00000004 b aptFlags
0011f274 00000001 b aptHomeButtonState
0011f278 00000004 b aptMessageFuncData
0011f27c 00000004 b aptMessageFunc
0011f280 0000000c b aptFirstHook
0011f28c 00000001 b aptEventHandlerThreadQuit
0011f290 00000004 b aptEventHandlerThread
0011f294 00000008 b aptSleepEvent
0011f29c 00000008 b aptReceiveEvent
0011f2a4 00000008 b aptEvents
0011f2ac 00000004 b aptLockHandle
0011f2b0 00000004 b aptRefCount
0011f2b4 00000007 b gspEventCbOneShot
0011f2bc 0000001c b gspEventCbData
0011f2d8 0000001c b gspEventCb
0011f2f4 00000038 b gspEvents
0011f32c 00000004 b gspLastEvent
0011f330 00000001 b gspRunEvents
0011f334 00000004 b gspEventThread
0011f338 00000004 b gspEvent
0011f33c 00000001 b gspGpuRight
0011f33d 00000001 b gspThreadId
0011f340 00000004 b gspSharedMem
0011f344 00000004 b gspSharedMemHandle
0011f348 00000004 b gspRefCount
0011f34c 00000004 b gspGpuHandle
0011f350 00000001 b usingIrrst
0011f354 00000004 b hidRefCount
0011f358 00000006 b gRate
0011f360 00000006 b aVec
0011f368 00000004 b cPos
0011f36c 00000004 b tPos
0011f370 00000004 b kRepeat
0011f374 00000004 b kUp
0011f378 00000004 b kDown
0011f37c 00000004 b kHeld
0011f380 00000004 b kOld
0011f384 00000004 B hidSharedMem
0011f388 00000014 B hidEvents
0011f39c 00000004 B hidMemHandle
0011f3a0 00000004 B hidHandle
0011f3a4 00000004 b irrstRefCount
0011f3a8 00000004 b csPos
0011f3ac 00000004 b kHeld
0011f3b0 00000004 B irrstSharedMem
0011f3b4 00000004 B irrstEvent
0011f3b8 00000004 B irrstMemHandle
0011f3bc 00000004 B irrstHandle
0011f3c0 00000004 b mvdstd_videoproc_frameid
0011f3c4 00000004 b mvdstd_workbufsize
0011f3c8 00000004 b mvdstd_workbuf
0011f3cc 00000004 b mvdstd_output_type
0011f3d0 00000004 b mvdstd_input_type
0011f3d4 00000001 b mvdstd_mode
0011f3d8 00000004 b mvdstdRefCount
0011f3dc 00000004 B mvdstdHandle
0011f3e0 00000004 b ptmSysmRefCount
0011f3e4 00000004 b ptmSysmHandle
0011f3e8 00000004 b swkbdSharedMemHandle
0011f3ec 00000004 b swkbdSharedMem
0011f3f0 00000004 V __ctru_linear_heap_size
0011f3f4 00000004 V __ctru_heap_size
0011f3f8 00000004 B __ctru_linear_heap
0011f3fc 00000004 B __ctru_heap
0011f400 00000004 B __system_retAddr
0011f404 00000004 B __system_argv
0011f408 00000004 B __system_argc
0011f40c b saved_stack
0011f418 00000008 b sVramPoolB
0011f420 00000008 b sVramPoolA
0011f428 0000000c b sAddrMap
0011f434 00000004 B __3dslink_host
0011f438 00000004 b srvRefCount
0011f43c 00000004 b srvHandle
0011f440 00000004 b arbiter
0011f444 00000004 b currentAddr
0011f448 00000004 b maxAddr
0011f44c 00000004 b minAddr
0011f450 00000004 b srvPmHandle
0011f454 00000004 B socMemhandle
0011f458 00000004 B SOCU_handle
0011f460 000005c0 b archive_devices
0011fa20 00000004 b archive_device_cwd
0011fa24 00000001 b archive_initialized
0011fa28 00000080 b fsExemptArchives
0011faa8 00000004 b fsuRefCount
0011faac 00000004 b fsuHandle
0011fab0 00000028 B __malloc_current_mallinfo
0011fad8 00000004 B __malloc_max_total_mem
0011fadc 00000004 B __malloc_max_sbrked_mem
0011fae0 00000004 B __malloc_top_pad
0011fae4 0000000c b __sfp_recursive_mutex
0011faf0 00000168 B __sf
0011fc58 00000004 B __stdio_exit_handler
0011fc5c 0000000c b __malloc_recursive_mutex
0011fc68 00000400 b temp_cwd
00120068 00000004 b __hndl_lock
0012006c 00000004 B fake_heap_start
00120070 00000004 B fake_heap_end
00120074 00000004 b heap_start.0
00120078 B __tls_start
00120c80 B __bss_end__
00120c80 A __end__
00120c80 B __tls_end
